2024-04-16T18:02:26.369+05:30  INFO 25380 --- [ShopmeBackEnd] [restartedMain] c.shopme.admin.ShopmeBackEndApplication  : Starting ShopmeBackEndApplication using Java 17.0.10 with PID 25380 (C:\Users\mahpawar\Documents\workspace-spring-tool-suite-4-4.21.1.RELEASE\ShopmeProject\ShopmeWebParent\ShopmeBackEnd\target\classes started by mahpawar in C:\Users\mahpawar\Documents\workspace-spring-tool-suite-4-4.21.1.RELEASE\ShopmeProject\ShopmeWebParent\ShopmeBackEnd)
2024-04-16T18:02:26.369+05:30  INFO 25380 --- [ShopmeBackEnd] [restartedMain] c.shopme.admin.ShopmeBackEndApplication  : No active profile set, falling back to 1 default profile: "default"
2024-04-16T18:02:26.475+05:30  INFO 25380 --- [ShopmeBackEnd] [restartedMain] .s.d.r.c.RepositoryConfigurationDelegate : Bootstrapping Spring Data JPA repositories in DEFAULT mode.
2024-04-16T18:02:26.480+05:30  INFO 25380 --- [ShopmeBackEnd] [restartedMain] .s.d.r.c.RepositoryConfigurationDelegate : Finished Spring Data repository scanning in 5 ms. Found 2 JPA repository interfaces.
2024-04-16T18:02:26.531+05:30  INFO 25380 --- [ShopmeBackEnd] [restartedMain] o.s.b.w.embedded.tomcat.TomcatWebServer  : Tomcat initialized with port 9090 (http)
2024-04-16T18:02:26.532+05:30  INFO 25380 --- [ShopmeBackEnd] [restartedMain] o.apache.catalina.core.StandardService   : Starting service [Tomcat]
2024-04-16T18:02:26.532+05:30  INFO 25380 --- [ShopmeBackEnd] [restartedMain] o.apache.catalina.core.StandardEngine    : Starting Servlet engine: [Apache Tomcat/10.1.19]
2024-04-16T18:02:26.543+05:30  INFO 25380 --- [ShopmeBackEnd] [restartedMain] o.a.c.c.C.[.[localhost].[/ShopmeAdmin]   : Initializing Spring embedded WebApplicationContext
2024-04-16T18:02:26.543+05:30  INFO 25380 --- [ShopmeBackEnd] [restartedMain] w.s.c.ServletWebServerApplicationContext : Root WebApplicationContext: initialization completed in 171 ms
2024-04-16T18:02:26.563+05:30  INFO 25380 --- [ShopmeBackEnd] [restartedMain] o.hibernate.jpa.internal.util.LogHelper  : HHH000204: Processing PersistenceUnitInfo [name: default]
2024-04-16T18:02:26.566+05:30  INFO 25380 --- [ShopmeBackEnd] [restartedMain] o.h.c.internal.RegionFactoryInitiator    : HHH000026: Second-level cache disabled
2024-04-16T18:02:26.569+05:30  INFO 25380 --- [ShopmeBackEnd] [restartedMain] o.s.o.j.p.SpringPersistenceUnitInfo      : No LoadTimeWeaver setup: ignoring JPA class transformer
2024-04-16T18:02:26.569+05:30  INFO 25380 --- [ShopmeBackEnd] [restartedMain] com.zaxxer.hikari.HikariDataSource       : HikariPool-11 - Starting...
2024-04-16T18:02:26.578+05:30  INFO 25380 --- [ShopmeBackEnd] [restartedMain] com.zaxxer.hikari.pool.HikariPool        : HikariPool-11 - Added connection com.mysql.cj.jdbc.ConnectionImpl@716e9a2e
2024-04-16T18:02:26.578+05:30  INFO 25380 --- [ShopmeBackEnd] [restartedMain] com.zaxxer.hikari.HikariDataSource       : HikariPool-11 - Start completed.
2024-04-16T18:02:26.606+05:30  INFO 25380 --- [ShopmeBackEnd] [restartedMain] o.h.e.t.j.p.i.JtaPlatformInitiator       : HHH000489: No JTA platform available (set 'hibernate.transaction.jta.platform' to enable JTA platform integration)
2024-04-16T18:02:26.616+05:30  INFO 25380 --- [ShopmeBackEnd] [restartedMain] j.LocalContainerEntityManagerFactoryBean : Initialized JPA EntityManagerFactory for persistence unit 'default'
2024-04-16T18:02:26.656+05:30  WARN 25380 --- [ShopmeBackEnd] [restartedMain] JpaBaseConfiguration$JpaWebConfiguration : spring.jpa.open-in-view is enabled by default. Therefore, database queries may be performed during view rendering. Explicitly configure spring.jpa.open-in-view to disable this warning
2024-04-16T18:02:26.665+05:30  INFO 25380 --- [ShopmeBackEnd] [restartedMain] o.s.b.a.w.s.WelcomePageHandlerMapping    : Adding welcome page template: index
2024-04-16T18:02:26.803+05:30  INFO 25380 --- [ShopmeBackEnd] [restartedMain] o.s.s.web.DefaultSecurityFilterChain     : Will secure any request with [org.springframework.security.web.session.DisableEncodeUrlFilter@3fe1d43e, org.springframework.security.web.context.request.async.WebAsyncManagerIntegrationFilter@2ed20b50, org.springframework.security.web.context.SecurityContextHolderFilter@17c19147, org.springframework.security.web.header.HeaderWriterFilter@638c1fb6, org.springframework.web.filter.CorsFilter@3e967380, org.springframework.security.web.csrf.CsrfFilter@6dfcaa8d, org.springframework.security.web.authentication.logout.LogoutFilter@58b0abb6, org.springframework.security.web.authentication.UsernamePasswordAuthenticationFilter@5d59b1a3, org.springframework.security.web.savedrequest.RequestCacheAwareFilter@1fe1f9f0, org.springframework.security.web.servletapi.SecurityContextHolderAwareRequestFilter@4012873f, org.springframework.security.web.authentication.rememberme.RememberMeAuthenticationFilter@e94ca5, org.springframework.security.web.authentication.AnonymousAuthenticationFilter@74508c93, org.springframework.security.web.access.ExceptionTranslationFilter@61a7d172, org.springframework.security.web.access.intercept.AuthorizationFilter@1cf1ba68]
2024-04-16T18:02:26.804+05:30  WARN 25380 --- [ShopmeBackEnd] [restartedMain] o.s.s.c.a.web.builders.WebSecurity       : You are asking Spring Security to ignore Mvc [pattern='/images/**']. This is not recommended -- please use permitAll via HttpSecurity#authorizeHttpRequests instead.
2024-04-16T18:02:26.804+05:30  INFO 25380 --- [ShopmeBackEnd] [restartedMain] o.s.s.web.DefaultSecurityFilterChain     : Will not secure Mvc [pattern='/images/**']
2024-04-16T18:02:26.804+05:30  WARN 25380 --- [ShopmeBackEnd] [restartedMain] o.s.s.c.a.web.builders.WebSecurity       : You are asking Spring Security to ignore Mvc [pattern='/js/**']. This is not recommended -- please use permitAll via HttpSecurity#authorizeHttpRequests instead.
2024-04-16T18:02:26.804+05:30  INFO 25380 --- [ShopmeBackEnd] [restartedMain] o.s.s.web.DefaultSecurityFilterChain     : Will not secure Mvc [pattern='/js/**']
2024-04-16T18:02:26.804+05:30  WARN 25380 --- [ShopmeBackEnd] [restartedMain] o.s.s.c.a.web.builders.WebSecurity       : You are asking Spring Security to ignore Mvc [pattern='/webjars/**']. This is not recommended -- please use permitAll via HttpSecurity#authorizeHttpRequests instead.
2024-04-16T18:02:26.804+05:30  INFO 25380 --- [ShopmeBackEnd] [restartedMain] o.s.s.web.DefaultSecurityFilterChain     : Will not secure Mvc [pattern='/webjars/**']
2024-04-16T18:02:26.830+05:30  INFO 25380 --- [ShopmeBackEnd] [restartedMain] o.s.b.d.a.OptionalLiveReloadServer       : LiveReload server is running on port 35729
2024-04-16T18:02:26.837+05:30  INFO 25380 --- [ShopmeBackEnd] [restartedMain] o.s.b.w.embedded.tomcat.TomcatWebServer  : Tomcat started on port 9090 (http) with context path '/ShopmeAdmin'
2024-04-16T18:02:26.841+05:30  INFO 25380 --- [ShopmeBackEnd] [restartedMain] c.shopme.admin.ShopmeBackEndApplication  : Started ShopmeBackEndApplication in 0.5 seconds (process running for 2269.43)
2024-04-16T18:02:26.842+05:30  INFO 25380 --- [ShopmeBackEnd] [restartedMain] .ConditionEvaluationDeltaLoggingListener : Condition evaluation unchanged
2024-04-16T18:03:18.584+05:30  INFO 25380 --- [ShopmeBackEnd] [File Watcher] rtingClassPathChangeChangedEventListener : Restarting due to 1 class path change (0 additions, 0 deletions, 1 modification)
2024-04-16T18:03:18.598+05:30  INFO 25380 --- [ShopmeBackEnd] [Thread-43] j.LocalContainerEntityManagerFactoryBean : Closing JPA EntityManagerFactory for persistence unit 'default'
2024-04-16T18:03:18.599+05:30  INFO 25380 --- [ShopmeBackEnd] [Thread-43] com.zaxxer.hikari.HikariDataSource       : HikariPool-11 - Shutdown initiated...
2024-04-16T18:03:18.608+05:30  INFO 25380 --- [ShopmeBackEnd] [Thread-43] com.zaxxer.hikari.HikariDataSource       : HikariPool-11 - Shutdown completed.
